<?xml version="1.0" encoding="UTF-8"?>
<!-- Generated by org.testng.reporters.JUnitXMLReporter -->
<testsuite ignored="1" hostname="DESKTOP-DHMKBFJ" failures="0" tests="1" name="Default test" time="31.404" errors="0" timestamp="2026-06-17T15:26:57 IST">
  <testcase classname="testScripts.contentmanagement.fashion.FashionNavigationBarTest" name="verifyNavigationBarLogoTextStyle" time="21.346"/>
  <testcase classname="testScripts.contentmanagement.fashion.FashionNavigationBarTest" name="verifyLogoText" time="0.0">
    <ignored/>
  </testcase> <!-- verifyLogoText -->
</testsuite> <!-- Default test -->
