<?xml version="1.0" encoding="UTF-8"?>
<testng-results ignored="0" total="1" passed="1" failed="0" skipped="0">
  <reporter-output>
  </reporter-output>
  <suite started-at="2026-06-17T15:26:26 IST" name="Default suite" finished-at="2026-06-17T15:26:57 IST" duration-ms="31404">
    <groups>
    </groups>
    <test started-at="2026-06-17T15:26:26 IST" name="Default test" finished-at="2026-06-17T15:26:57 IST" duration-ms="31404">
      <class name="testScripts.contentmanagement.fashion.FashionNavigationBarTest">
        <test-method is-config="true" signature="initializeBrowser()[pri:0, instance:testScripts.contentmanagement.fashion.FashionNavigationBarTest@3754a4bf]" started-at="2026-06-17T15:26:26 IST" name="initializeBrowser" finished-at="2026-06-17T15:26:36 IST" duration-ms="9921" status="PASS">
          <reporter-output>
          </reporter-output>
        </test-method> <!-- initializeBrowser -->
        <test-method signature="verifyNavigationBarLogoTextStyle()[pri:0, instance:testScripts.contentmanagement.fashion.FashionNavigationBarTest@3754a4bf]" started-at="2026-06-17T15:26:36 IST" name="verifyNavigationBarLogoTextStyle" finished-at="2026-06-17T15:26:57 IST" duration-ms="21346" status="PASS">
          <reporter-output>
          </reporter-output>
        </test-method> <!-- verifyNavigationBarLogoTextStyle -->
        <test-method is-config="true" signature="closeBrowser()[pri:0, instance:testScripts.contentmanagement.fashion.FashionNavigationBarTest@3754a4bf]" started-at="2026-06-17T15:26:57 IST" name="closeBrowser" finished-at="2026-06-17T15:26:57 IST" duration-ms="1" status="PASS">
          <reporter-output>
          </reporter-output>
        </test-method> <!-- closeBrowser -->
      </class> <!-- testScripts.contentmanagement.fashion.FashionNavigationBarTest -->
    </test> <!-- Default test -->
  </suite> <!-- Default suite -->
</testng-results>
