<?xml version="1.0" encoding="UTF-8"?>
<!-- Generated by org.testng.reporters.JUnitReportReporter -->
<testsuite hostname="DESKTOP-DHMKBFJ" failures="0" tests="1" name="testScripts.contentmanagement.fashion.FashionNavigationBarTest" time="31.268" errors="0" timestamp="2026-06-17T15:26:58 IST" skipped="0">
  <testcase classname="testScripts.contentmanagement.fashion.FashionNavigationBarTest" name="verifyNavigationBarLogoTextStyle" time="31.268"/>
</testsuite> <!-- testScripts.contentmanagement.fashion.FashionNavigationBarTest -->
