<?xml version="1.0" encoding="UTF-8"?>
<!-- Generated by org.testng.reporters.JUnitReportReporter -->
<testsuite hostname="DESKTOP-DHMKBFJ" failures="0" tests="1" name="testScripts.contentmanagement.ContentManagementTest" time="19.301" errors="0" timestamp="2026-06-11T15:39:30 IST" skipped="0">
  <testcase classname="testScripts.contentmanagement.ContentManagementTest" name="verify_BoldAndBright_UseButton" time="19.301"/>
</testsuite> <!-- testScripts.contentmanagement.ContentManagementTest -->
