<?xml version="1.0" encoding="UTF-8"?>
<!-- Generated by org.testng.reporters.JUnitReportReporter -->
<testsuite hostname="DESKTOP-DHMKBFJ" failures="0" tests="3" name="testScripts.login.LoginTest" time="31.710" errors="0" timestamp="2026-06-09T15:15:29 IST" skipped="0">
  <testcase classname="testScripts.login.LoginTest" name="verifyWhether_UserIsAbleto_loginwith_Invalidusername_InValidpassword" time="10.261"/>
  <testcase classname="testScripts.login.LoginTest" name="verifyWhether_UserIsAbleto_loginwith_Invalidusername_Validpassword" time="10.817"/>
  <testcase classname="testScripts.login.LoginTest" name="verifyWhether_UserIsAbleto_loginwith_Validcredentials" time="10.632"/>
</testsuite> <!-- testScripts.login.LoginTest -->
